mode: atomic
github.com/donmahallem/aoc/main.go:12.13,16.22 3 0
github.com/donmahallem/aoc/main.go:16.22,19.3 2 0
github.com/donmahallem/aoc/main.go:20.2,21.21 2 0
github.com/donmahallem/aoc/main.go:21.21,24.3 2 0
github.com/donmahallem/aoc/main.go:25.2,26.22 2 0
github.com/donmahallem/aoc/main.go:26.22,29.3 2 0
github.com/donmahallem/aoc/main.go:30.2,31.14 2 0
github.com/donmahallem/aoc/main.go:32.10,33.35 1 0
github.com/donmahallem/aoc/main.go:34.10,35.35 1 0
github.com/donmahallem/aoc/aoc23/aoc23.go:17.37,18.44 1 0
github.com/donmahallem/aoc/aoc23/aoc23.go:18.44,20.3 1 0
github.com/donmahallem/aoc/aoc23/aoc23.go:20.8,20.60 1 0
github.com/donmahallem/aoc/aoc23/aoc23.go:20.60,22.3 1 0
github.com/donmahallem/aoc/aoc23/aoc23.go:23.2,27.12 5 0
github.com/donmahallem/aoc/aoc24/aoc24.go:41.37,42.44 1 0
github.com/donmahallem/aoc/aoc24/aoc24.go:42.44,44.3 1 0
github.com/donmahallem/aoc/aoc24/aoc24.go:44.8,44.60 1 0
github.com/donmahallem/aoc/aoc24/aoc24.go:44.60,46.3 1 0
github.com/donmahallem/aoc/aoc24/aoc24.go:47.2,51.12 5 0
github.com/donmahallem/aoc/aoc24/day01/part_1.go:14.26,18.15 4 0
github.com/donmahallem/aoc/aoc24/day01/part_1.go:18.15,24.3 5 0
github.com/donmahallem/aoc/aoc24/day01/part_1.go:25.2,30.33 5 0
github.com/donmahallem/aoc/aoc24/day01/part_1.go:30.33,32.3 1 0
github.com/donmahallem/aoc/aoc24/day01/part_1.go:33.2,33.35 1 0
github.com/donmahallem/aoc/aoc24/day01/part_2.go:11.41,13.26 2 0
github.com/donmahallem/aoc/aoc24/day01/part_2.go:13.26,14.15 1 0
github.com/donmahallem/aoc/aoc24/day01/part_2.go:14.15,16.4 1 0
github.com/donmahallem/aoc/aoc24/day01/part_2.go:18.2,18.14 1 0
github.com/donmahallem/aoc/aoc24/day01/part_2.go:21.26,25.15 4 0
github.com/donmahallem/aoc/aoc24/day01/part_2.go:25.15,31.3 5 0
github.com/donmahallem/aoc/aoc24/day01/part_2.go:33.2,34.33 2 0
github.com/donmahallem/aoc/aoc24/day01/part_2.go:34.33,36.3 1 0
github.com/donmahallem/aoc/aoc24/day01/part_2.go:37.2,37.35 1 0
github.com/donmahallem/aoc/aoc24/day05/part_1.go:12.66,13.34 1 0
github.com/donmahallem/aoc/aoc24/day05/part_1.go:13.34,14.59 1 0
github.com/donmahallem/aoc/aoc24/day05/part_1.go:14.59,16.4 1 0
github.com/donmahallem/aoc/aoc24/day05/part_1.go:18.2,18.36 1 0
github.com/donmahallem/aoc/aoc24/day05/part_1.go:21.44,24.33 3 0
github.com/donmahallem/aoc/aoc24/day05/part_1.go:24.33,26.17 2 0
github.com/donmahallem/aoc/aoc24/day05/part_1.go:26.17,28.4 1 0
github.com/donmahallem/aoc/aoc24/day05/part_1.go:29.3,29.31 1 0
github.com/donmahallem/aoc/aoc24/day05/part_1.go:31.2,31.24 1 0
github.com/donmahallem/aoc/aoc24/day05/part_1.go:34.26,39.15 5 0
github.com/donmahallem/aoc/aoc24/day05/part_1.go:39.15,41.25 2 0
github.com/donmahallem/aoc/aoc24/day05/part_1.go:41.25,43.4 1 0
github.com/donmahallem/aoc/aoc24/day05/part_1.go:43.9,43.22 1 0
github.com/donmahallem/aoc/aoc24/day05/part_1.go:43.22,47.29 4 0
github.com/donmahallem/aoc/aoc24/day05/part_1.go:47.29,49.5 1 0
github.com/donmahallem/aoc/aoc24/day05/part_1.go:49.10,51.5 1 0
github.com/donmahallem/aoc/aoc24/day05/part_1.go:52.9,54.57 2 0
github.com/donmahallem/aoc/aoc24/day05/part_1.go:54.57,56.5 1 0
github.com/donmahallem/aoc/aoc24/day05/part_1.go:59.2,59.29 1 0
github.com/donmahallem/aoc/aoc24/day05/part_2.go:12.61,13.44 1 0
github.com/donmahallem/aoc/aoc24/day05/part_2.go:13.44,14.38 1 0
github.com/donmahallem/aoc/aoc24/day05/part_2.go:14.38,16.4 1 0
github.com/donmahallem/aoc/aoc24/day05/part_2.go:17.3,17.12 1 0
github.com/donmahallem/aoc/aoc24/day05/part_2.go:19.2,19.46 1 0
github.com/donmahallem/aoc/aoc24/day05/part_2.go:19.46,21.3 1 0
github.com/donmahallem/aoc/aoc24/day05/part_2.go:22.2,22.18 1 0
github.com/donmahallem/aoc/aoc24/day05/part_2.go:24.26,29.15 5 0
github.com/donmahallem/aoc/aoc24/day05/part_2.go:29.15,31.25 2 0
github.com/donmahallem/aoc/aoc24/day05/part_2.go:31.25,33.4 1 0
github.com/donmahallem/aoc/aoc24/day05/part_2.go:33.9,33.22 1 0
github.com/donmahallem/aoc/aoc24/day05/part_2.go:33.22,37.29 4 0
github.com/donmahallem/aoc/aoc24/day05/part_2.go:37.29,39.5 1 0
github.com/donmahallem/aoc/aoc24/day05/part_2.go:39.10,41.5 1 0
github.com/donmahallem/aoc/aoc24/day05/part_2.go:42.9,44.50 2 0
github.com/donmahallem/aoc/aoc24/day05/part_2.go:44.50,45.13 1 0
github.com/donmahallem/aoc/aoc24/day05/part_2.go:46.10,46.59 1 0
github.com/donmahallem/aoc/aoc24/day05/part_2.go:46.59,48.5 1 0
github.com/donmahallem/aoc/aoc24/day05/part_2.go:51.2,51.29 1 0
github.com/donmahallem/aoc/aoc24/day02/part_1.go:13.30,15.30 2 0
github.com/donmahallem/aoc/aoc24/day02/part_1.go:15.30,17.43 2 0
github.com/donmahallem/aoc/aoc24/day02/part_1.go:17.43,19.4 1 0
github.com/donmahallem/aoc/aoc24/day02/part_1.go:20.3,20.12 1 0
github.com/donmahallem/aoc/aoc24/day02/part_1.go:20.12,21.23 1 0
github.com/donmahallem/aoc/aoc24/day02/part_1.go:21.23,23.5 1 0
github.com/donmahallem/aoc/aoc24/day02/part_1.go:23.10,23.31 1 0
github.com/donmahallem/aoc/aoc24/day02/part_1.go:23.31,25.5 1 0
github.com/donmahallem/aoc/aoc24/day02/part_1.go:26.9,27.16 1 0
github.com/donmahallem/aoc/aoc24/day02/part_1.go:27.16,29.5 1 0
github.com/donmahallem/aoc/aoc24/day02/part_1.go:29.10,31.5 1 0
github.com/donmahallem/aoc/aoc24/day02/part_1.go:34.2,34.13 1 0
github.com/donmahallem/aoc/aoc24/day02/part_1.go:37.26,40.15 3 0
github.com/donmahallem/aoc/aoc24/day02/part_1.go:40.15,43.31 3 0
github.com/donmahallem/aoc/aoc24/day02/part_1.go:43.31,46.4 2 0
github.com/donmahallem/aoc/aoc24/day02/part_1.go:47.3,47.30 1 0
github.com/donmahallem/aoc/aoc24/day02/part_1.go:47.30,49.4 1 0
github.com/donmahallem/aoc/aoc24/day02/part_1.go:51.2,51.48 1 0
github.com/donmahallem/aoc/aoc24/day02/part_2.go:12.36,13.18 1 0
github.com/donmahallem/aoc/aoc24/day02/part_2.go:13.18,15.3 1 0
github.com/donmahallem/aoc/aoc24/day02/part_2.go:16.2,16.30 1 0
github.com/donmahallem/aoc/aoc24/day02/part_2.go:16.30,18.29 2 0
github.com/donmahallem/aoc/aoc24/day02/part_2.go:18.29,20.4 1 0
github.com/donmahallem/aoc/aoc24/day02/part_2.go:22.2,22.14 1 0
github.com/donmahallem/aoc/aoc24/day02/part_2.go:25.26,29.15 4 0
github.com/donmahallem/aoc/aoc24/day02/part_2.go:29.15,32.31 3 0
github.com/donmahallem/aoc/aoc24/day02/part_2.go:32.31,35.4 2 0
github.com/donmahallem/aoc/aoc24/day02/part_2.go:36.3,36.36 1 0
github.com/donmahallem/aoc/aoc24/day02/part_2.go:36.36,38.4 1 0
github.com/donmahallem/aoc/aoc24/day02/part_2.go:39.3,39.15 1 0
github.com/donmahallem/aoc/aoc24/day02/part_2.go:41.2,41.57 1 0
github.com/donmahallem/aoc/aoc24/day08/part_1.go:9.71,14.15 5 0
github.com/donmahallem/aoc/aoc24/day08/part_1.go:14.15,16.17 2 0
github.com/donmahallem/aoc/aoc24/day08/part_1.go:16.17,18.4 1 0
github.com/donmahallem/aoc/aoc24/day08/part_1.go:18.9,18.39 1 0
github.com/donmahallem/aoc/aoc24/day08/part_1.go:18.39,19.34 1 0
github.com/donmahallem/aoc/aoc24/day08/part_1.go:21.3,21.36 1 0
github.com/donmahallem/aoc/aoc24/day08/part_1.go:21.36,22.24 1 0
github.com/donmahallem/aoc/aoc24/day08/part_1.go:22.24,23.13 1 0
github.com/donmahallem/aoc/aoc24/day08/part_1.go:25.4,25.43 1 0
github.com/donmahallem/aoc/aoc24/day08/part_1.go:25.43,27.5 1 0
github.com/donmahallem/aoc/aoc24/day08/part_1.go:27.10,29.5 1 0
github.com/donmahallem/aoc/aoc24/day08/part_1.go:31.3,31.6 1 0
github.com/donmahallem/aoc/aoc24/day08/part_1.go:33.2,33.23 1 0
github.com/donmahallem/aoc/aoc24/day08/part_1.go:36.68,38.2 1 0
github.com/donmahallem/aoc/aoc24/day08/part_1.go:40.26,44.32 4 0
github.com/donmahallem/aoc/aoc24/day08/part_1.go:44.32,47.33 3 0
github.com/donmahallem/aoc/aoc24/day08/part_1.go:47.33,48.34 1 0
github.com/donmahallem/aoc/aoc24/day08/part_1.go:48.34,49.15 1 0
github.com/donmahallem/aoc/aoc24/day08/part_1.go:49.15,50.14 1 0
github.com/donmahallem/aoc/aoc24/day08/part_1.go:52.5,54.48 3 0
github.com/donmahallem/aoc/aoc24/day08/part_1.go:54.48,56.6 1 0
github.com/donmahallem/aoc/aoc24/day08/part_1.go:60.2,60.32 1 0
github.com/donmahallem/aoc/aoc24/day08/part_2.go:8.26,13.32 5 0
github.com/donmahallem/aoc/aoc24/day08/part_2.go:13.32,16.33 3 0
github.com/donmahallem/aoc/aoc24/day08/part_2.go:16.33,18.34 2 0
github.com/donmahallem/aoc/aoc24/day08/part_2.go:18.34,19.15 1 0
github.com/donmahallem/aoc/aoc24/day08/part_2.go:19.15,20.14 1 0
github.com/donmahallem/aoc/aoc24/day08/part_2.go:22.5,25.9 4 0
github.com/donmahallem/aoc/aoc24/day08/part_2.go:25.9,28.49 3 0
github.com/donmahallem/aoc/aoc24/day08/part_2.go:28.49,30.7 1 0
github.com/donmahallem/aoc/aoc24/day08/part_2.go:30.12,31.12 1 0
github.com/donmahallem/aoc/aoc24/day08/part_2.go:33.6,33.9 1 0
github.com/donmahallem/aoc/aoc24/day08/part_2.go:38.2,38.32 1 0
github.com/donmahallem/aoc/aoc23/day01/part_1.go:9.33,11.22 2 4
github.com/donmahallem/aoc/aoc23/day01/part_1.go:11.22,12.43 1 37
github.com/donmahallem/aoc/aoc23/day01/part_1.go:12.43,13.20 1 10
github.com/donmahallem/aoc/aoc23/day01/part_1.go:13.20,16.5 2 4
github.com/donmahallem/aoc/aoc23/day01/part_1.go:16.10,18.5 1 6
github.com/donmahallem/aoc/aoc23/day01/part_1.go:21.2,21.33 1 4
github.com/donmahallem/aoc/aoc23/day01/part_1.go:23.38,26.15 3 1
github.com/donmahallem/aoc/aoc23/day01/part_1.go:26.15,28.3 1 4
github.com/donmahallem/aoc/aoc23/day01/part_1.go:29.2,29.14 1 1
github.com/donmahallem/aoc/aoc23/day01/part_1.go:31.26,33.2 1 0
github.com/donmahallem/aoc/aoc23/day01/part_2.go:20.38,22.22 2 7
github.com/donmahallem/aoc/aoc23/day01/part_2.go:22.22,23.43 1 86
github.com/donmahallem/aoc/aoc23/day01/part_2.go:23.43,24.20 1 9
github.com/donmahallem/aoc/aoc23/day01/part_2.go:24.20,27.5 2 2
github.com/donmahallem/aoc/aoc23/day01/part_2.go:27.10,29.5 1 7
github.com/donmahallem/aoc/aoc23/day01/part_2.go:30.9,31.22 1 77
github.com/donmahallem/aoc/aoc23/day01/part_2.go:31.22,33.33 2 693
github.com/donmahallem/aoc/aoc23/day01/part_2.go:33.33,34.22 1 16
github.com/donmahallem/aoc/aoc23/day01/part_2.go:34.22,37.7 2 5
github.com/donmahallem/aoc/aoc23/day01/part_2.go:37.12,39.7 1 11
github.com/donmahallem/aoc/aoc23/day01/part_2.go:44.2,44.33 1 7
github.com/donmahallem/aoc/aoc23/day01/part_2.go:46.43,49.15 3 1
github.com/donmahallem/aoc/aoc23/day01/part_2.go:49.15,51.3 1 7
github.com/donmahallem/aoc/aoc23/day01/part_2.go:52.2,52.14 1 1
github.com/donmahallem/aoc/aoc23/day01/part_2.go:54.26,56.2 1 0
github.com/donmahallem/aoc/aoc_utils/byte_field.go:14.48,18.2 1 0
github.com/donmahallem/aoc/aoc_utils/byte_field.go:20.71,22.2 1 0
github.com/donmahallem/aoc/aoc_utils/byte_field.go:24.54,26.2 1 0
github.com/donmahallem/aoc/aoc_utils/byte_field.go:27.77,32.15 5 0
github.com/donmahallem/aoc/aoc_utils/byte_field.go:32.15,34.17 2 0
github.com/donmahallem/aoc/aoc_utils/byte_field.go:34.17,36.4 1 0
github.com/donmahallem/aoc/aoc_utils/byte_field.go:36.9,36.40 1 0
github.com/donmahallem/aoc/aoc_utils/byte_field.go:36.40,37.34 1 0
github.com/donmahallem/aoc/aoc_utils/byte_field.go:39.3,40.18 2 0
github.com/donmahallem/aoc/aoc_utils/byte_field.go:40.18,42.4 1 0
github.com/donmahallem/aoc/aoc_utils/byte_field.go:42.9,43.37 1 0
github.com/donmahallem/aoc/aoc_utils/byte_field.go:43.37,45.5 1 0
github.com/donmahallem/aoc/aoc_utils/byte_field.go:47.3,48.6 2 0
github.com/donmahallem/aoc/aoc_utils/byte_field.go:50.2,50.43 1 0
github.com/donmahallem/aoc/aoc_utils/math.go:9.28,10.11 1 0
github.com/donmahallem/aoc/aoc_utils/math.go:10.11,12.3 1 0
github.com/donmahallem/aoc/aoc_utils/math.go:13.2,13.10 1 0
github.com/donmahallem/aoc/aoc_utils/math.go:16.41,18.14 2 0
github.com/donmahallem/aoc/aoc_utils/math.go:18.14,19.17 1 0
github.com/donmahallem/aoc/aoc_utils/math.go:19.17,21.4 1 0
github.com/donmahallem/aoc/aoc_utils/math.go:22.3,23.11 2 0
github.com/donmahallem/aoc/aoc_utils/math.go:25.2,25.15 1 0
github.com/donmahallem/aoc/aoc_utils/math.go:28.33,30.2 1 5
github.com/donmahallem/aoc/aoc_utils/math.go:32.33,33.11 1 0
github.com/donmahallem/aoc/aoc_utils/math.go:33.11,35.3 1 0
github.com/donmahallem/aoc/aoc_utils/math.go:36.2,36.10 1 0
github.com/donmahallem/aoc/aoc_utils/math.go:39.33,40.11 1 0
github.com/donmahallem/aoc/aoc_utils/math.go:40.11,42.3 1 0
github.com/donmahallem/aoc/aoc_utils/math.go:43.2,43.10 1 0
github.com/donmahallem/aoc/aoc_utils/point.go:12.47,14.2 1 0
github.com/donmahallem/aoc/aoc_utils/point.go:16.52,18.2 1 0
github.com/donmahallem/aoc/aoc_utils/point.go:20.55,22.2 1 0
github.com/donmahallem/aoc/aoc_utils/point.go:24.46,26.2 1 0
github.com/donmahallem/aoc/aoc24/day13/part_1.go:15.42,19.27 4 13
github.com/donmahallem/aoc/aoc24/day13/part_1.go:19.27,21.27 2 179
github.com/donmahallem/aoc/aoc24/day13/part_1.go:21.27,22.13 1 72
github.com/donmahallem/aoc/aoc24/day13/part_1.go:22.13,24.5 1 36
github.com/donmahallem/aoc/aoc24/day13/part_1.go:24.10,26.5 1 36
github.com/donmahallem/aoc/aoc24/day13/part_1.go:27.9,27.28 1 107
github.com/donmahallem/aoc/aoc24/day13/part_1.go:27.28,29.4 1 13
github.com/donmahallem/aoc/aoc24/day13/part_1.go:31.2,31.12 1 13
github.com/donmahallem/aoc/aoc24/day13/part_1.go:33.42,37.27 4 0
github.com/donmahallem/aoc/aoc24/day13/part_1.go:37.27,39.27 2 0
github.com/donmahallem/aoc/aoc24/day13/part_1.go:39.27,40.13 1 0
github.com/donmahallem/aoc/aoc24/day13/part_1.go:40.13,42.5 1 0
github.com/donmahallem/aoc/aoc24/day13/part_1.go:42.10,44.5 1 0
github.com/donmahallem/aoc/aoc24/day13/part_1.go:45.9,45.28 1 0
github.com/donmahallem/aoc/aoc24/day13/part_1.go:45.28,47.4 1 0
github.com/donmahallem/aoc/aoc24/day13/part_1.go:49.2,49.12 1 0
github.com/donmahallem/aoc/aoc24/day13/part_1.go:51.41,55.15 4 1
github.com/donmahallem/aoc/aoc24/day13/part_1.go:55.15,57.21 2 15
github.com/donmahallem/aoc/aoc24/day13/part_1.go:57.21,60.12 3 3
github.com/donmahallem/aoc/aoc24/day13/part_1.go:62.3,62.18 1 12
github.com/donmahallem/aoc/aoc24/day13/part_1.go:63.12,65.9 2 4
github.com/donmahallem/aoc/aoc24/day13/part_1.go:66.12,68.9 2 4
github.com/donmahallem/aoc/aoc24/day13/part_1.go:69.12,71.9 2 4
github.com/donmahallem/aoc/aoc24/day13/part_1.go:74.2,75.18 2 1
github.com/donmahallem/aoc/aoc24/day13/part_1.go:78.45,81.86 3 0
github.com/donmahallem/aoc/aoc24/day13/part_1.go:81.86,83.3 1 0
github.com/donmahallem/aoc/aoc24/day13/part_1.go:84.2,84.20 1 0
github.com/donmahallem/aoc/aoc24/day13/part_1.go:87.26,90.27 3 0
github.com/donmahallem/aoc/aoc24/day13/part_1.go:90.27,92.10 2 0
github.com/donmahallem/aoc/aoc24/day13/part_1.go:92.10,93.12 1 0
github.com/donmahallem/aoc/aoc24/day13/part_1.go:95.3,95.22 1 0
github.com/donmahallem/aoc/aoc24/day13/part_1.go:97.2,97.30 1 0
github.com/donmahallem/aoc/aoc24/day13/part_2.go:8.26,11.27 3 0
github.com/donmahallem/aoc/aoc24/day13/part_2.go:11.27,15.10 4 0
github.com/donmahallem/aoc/aoc24/day13/part_2.go:15.10,16.12 1 0
github.com/donmahallem/aoc/aoc24/day13/part_2.go:18.3,18.22 1 0
github.com/donmahallem/aoc/aoc24/day13/part_2.go:20.2,20.30 1 0
github.com/donmahallem/aoc/aoc24/day12/part_1.go:13.37,16.30 3 1
github.com/donmahallem/aoc/aoc24/day12/part_1.go:16.30,17.28 1 3
github.com/donmahallem/aoc/aoc24/day12/part_1.go:17.28,20.41 3 12
github.com/donmahallem/aoc/aoc24/day12/part_1.go:20.41,21.13 1 4
github.com/donmahallem/aoc/aoc24/day12/part_1.go:24.4,24.18 1 8
github.com/donmahallem/aoc/aoc24/day12/part_1.go:27.2,27.18 1 1
github.com/donmahallem/aoc/aoc24/day12/part_1.go:30.98,32.27 2 75
github.com/donmahallem/aoc/aoc24/day12/part_1.go:32.27,38.43 3 300
github.com/donmahallem/aoc/aoc24/day12/part_1.go:38.43,39.12 1 43
github.com/donmahallem/aoc/aoc24/day12/part_1.go:40.9,40.67 1 257
github.com/donmahallem/aoc/aoc24/day12/part_1.go:40.67,41.43 1 170
github.com/donmahallem/aoc/aoc24/day12/part_1.go:41.43,42.13 1 105
github.com/donmahallem/aoc/aoc24/day12/part_1.go:43.10,46.5 2 65
github.com/donmahallem/aoc/aoc24/day12/part_1.go:51.72,56.25 5 10
github.com/donmahallem/aoc/aoc24/day12/part_1.go:56.25,58.3 1 75
github.com/donmahallem/aoc/aoc24/day12/part_1.go:59.2,59.13 1 10
github.com/donmahallem/aoc/aoc24/day12/part_1.go:62.56,66.29 4 0
github.com/donmahallem/aoc/aoc24/day12/part_1.go:66.29,67.31 1 0
github.com/donmahallem/aoc/aoc24/day12/part_1.go:67.31,70.20 3 0
github.com/donmahallem/aoc/aoc24/day12/part_1.go:70.20,71.13 1 0
github.com/donmahallem/aoc/aoc24/day12/part_1.go:73.4,74.41 2 0
github.com/donmahallem/aoc/aoc24/day12/part_1.go:74.41,76.5 1 0
github.com/donmahallem/aoc/aoc24/day12/part_1.go:77.4,77.39 1 0
github.com/donmahallem/aoc/aoc24/day12/part_1.go:80.2,80.15 1 0
github.com/donmahallem/aoc/aoc24/day12/part_1.go:83.26,87.31 4 0
github.com/donmahallem/aoc/aoc24/day12/part_1.go:87.31,89.3 1 0
github.com/donmahallem/aoc/aoc24/day12/part_1.go:90.2,90.27 1 0
github.com/donmahallem/aoc/aoc24/day12/part_2.go:13.45,14.18 1 141
github.com/donmahallem/aoc/aoc24/day12/part_2.go:14.18,16.3 1 43
github.com/donmahallem/aoc/aoc24/day12/part_2.go:17.2,17.20 1 98
github.com/donmahallem/aoc/aoc24/day12/part_2.go:20.43,21.18 1 73
github.com/donmahallem/aoc/aoc24/day12/part_2.go:21.18,23.3 1 23
github.com/donmahallem/aoc/aoc24/day12/part_2.go:24.2,24.20 1 50
github.com/donmahallem/aoc/aoc24/day12/part_2.go:27.56,33.37 5 6
github.com/donmahallem/aoc/aoc24/day12/part_2.go:33.37,38.36 5 12
github.com/donmahallem/aoc/aoc24/day12/part_2.go:38.36,42.14 4 88
github.com/donmahallem/aoc/aoc24/day12/part_2.go:42.14,43.21 1 35
github.com/donmahallem/aoc/aoc24/day12/part_2.go:43.21,46.6 2 12
github.com/donmahallem/aoc/aoc24/day12/part_2.go:46.11,46.78 1 23
github.com/donmahallem/aoc/aoc24/day12/part_2.go:46.78,51.6 4 3
github.com/donmahallem/aoc/aoc24/day12/part_2.go:51.11,54.6 2 20
github.com/donmahallem/aoc/aoc24/day12/part_2.go:55.10,55.28 1 53
github.com/donmahallem/aoc/aoc24/day12/part_2.go:55.28,59.5 3 13
github.com/donmahallem/aoc/aoc24/day12/part_2.go:61.3,61.13 1 12
github.com/donmahallem/aoc/aoc24/day12/part_2.go:61.13,63.4 1 7
github.com/donmahallem/aoc/aoc24/day12/part_2.go:65.2,65.14 1 6
github.com/donmahallem/aoc/aoc24/day12/part_2.go:67.54,74.37 6 6
github.com/donmahallem/aoc/aoc24/day12/part_2.go:74.37,80.36 6 12
github.com/donmahallem/aoc/aoc24/day12/part_2.go:80.36,84.14 4 60
github.com/donmahallem/aoc/aoc24/day12/part_2.go:84.14,85.21 1 28
github.com/donmahallem/aoc/aoc24/day12/part_2.go:85.21,88.6 2 12
github.com/donmahallem/aoc/aoc24/day12/part_2.go:88.11,88.78 1 16
github.com/donmahallem/aoc/aoc24/day12/part_2.go:88.78,93.6 4 4
github.com/donmahallem/aoc/aoc24/day12/part_2.go:93.11,96.6 2 12
github.com/donmahallem/aoc/aoc24/day12/part_2.go:97.10,97.39 1 32
github.com/donmahallem/aoc/aoc24/day12/part_2.go:97.39,101.5 3 11
github.com/donmahallem/aoc/aoc24/day12/part_2.go:103.3,103.13 1 12
github.com/donmahallem/aoc/aoc24/day12/part_2.go:103.13,105.4 1 6
github.com/donmahallem/aoc/aoc24/day12/part_2.go:107.2,107.14 1 6
github.com/donmahallem/aoc/aoc24/day12/part_2.go:110.46,115.2 4 1
github.com/donmahallem/aoc/aoc24/day12/part_2.go:117.26,121.31 4 0
github.com/donmahallem/aoc/aoc24/day12/part_2.go:121.31,123.3 1 0
github.com/donmahallem/aoc/aoc24/day12/part_2.go:124.2,124.27 1 0
github.com/donmahallem/aoc/aoc24/day03/part_1.go:30.48,32.2 1 1
github.com/donmahallem/aoc/aoc24/day03/part_1.go:34.49,36.16 2 2
github.com/donmahallem/aoc/aoc24/day03/part_1.go:36.16,37.20 1 1
github.com/donmahallem/aoc/aoc24/day03/part_1.go:37.20,41.4 3 1
github.com/donmahallem/aoc/aoc24/day03/part_1.go:42.3,42.16 1 0
github.com/donmahallem/aoc/aoc24/day03/part_1.go:44.2,44.25 1 1
github.com/donmahallem/aoc/aoc24/day03/part_1.go:44.25,45.47 1 22
github.com/donmahallem/aoc/aoc24/day03/part_1.go:45.47,47.4 1 3
github.com/donmahallem/aoc/aoc24/day03/part_1.go:47.9,47.36 1 19
github.com/donmahallem/aoc/aoc24/day03/part_1.go:47.36,48.19 1 3
github.com/donmahallem/aoc/aoc24/day03/part_1.go:48.19,50.5 1 3
github.com/donmahallem/aoc/aoc24/day03/part_1.go:50.10,52.5 1 0
github.com/donmahallem/aoc/aoc24/day03/part_1.go:53.9,53.37 1 16
github.com/donmahallem/aoc/aoc24/day03/part_1.go:53.37,54.19 1 3
github.com/donmahallem/aoc/aoc24/day03/part_1.go:54.19,56.5 1 3
github.com/donmahallem/aoc/aoc24/day03/part_1.go:56.10,58.5 1 0
github.com/donmahallem/aoc/aoc24/day03/part_1.go:59.9,59.38 1 13
github.com/donmahallem/aoc/aoc24/day03/part_1.go:59.38,60.19 1 3
github.com/donmahallem/aoc/aoc24/day03/part_1.go:60.19,62.5 1 3
github.com/donmahallem/aoc/aoc24/day03/part_1.go:62.10,64.5 1 0
github.com/donmahallem/aoc/aoc24/day03/part_1.go:65.9,65.43 1 10
github.com/donmahallem/aoc/aoc24/day03/part_1.go:65.43,66.34 1 3
github.com/donmahallem/aoc/aoc24/day03/part_1.go:66.34,69.5 2 3
github.com/donmahallem/aoc/aoc24/day03/part_1.go:69.10,71.5 1 0
github.com/donmahallem/aoc/aoc24/day03/part_1.go:72.9,72.48 1 7
github.com/donmahallem/aoc/aoc24/day03/part_1.go:72.48,73.34 1 3
github.com/donmahallem/aoc/aoc24/day03/part_1.go:73.34,75.5 1 0
github.com/donmahallem/aoc/aoc24/day03/part_1.go:75.10,75.26 1 3
github.com/donmahallem/aoc/aoc24/day03/part_1.go:75.26,77.5 1 2
github.com/donmahallem/aoc/aoc24/day03/part_1.go:77.10,79.5 1 1
github.com/donmahallem/aoc/aoc24/day03/part_1.go:80.9,80.49 1 4
github.com/donmahallem/aoc/aoc24/day03/part_1.go:80.49,81.34 1 2
github.com/donmahallem/aoc/aoc24/day03/part_1.go:81.34,84.5 2 2
github.com/donmahallem/aoc/aoc24/day03/part_1.go:84.10,86.5 1 0
github.com/donmahallem/aoc/aoc24/day03/part_1.go:87.9,87.48 1 2
github.com/donmahallem/aoc/aoc24/day03/part_1.go:87.48,88.34 1 2
github.com/donmahallem/aoc/aoc24/day03/part_1.go:88.34,90.5 1 0
github.com/donmahallem/aoc/aoc24/day03/part_1.go:90.10,90.26 1 2
github.com/donmahallem/aoc/aoc24/day03/part_1.go:90.26,93.5 2 2
github.com/donmahallem/aoc/aoc24/day03/part_1.go:93.10,95.5 1 0
github.com/donmahallem/aoc/aoc24/day03/part_1.go:98.2,98.15 1 1
github.com/donmahallem/aoc/aoc24/day03/part_1.go:100.26,103.2 2 0
github.com/donmahallem/aoc/aoc24/day03/part_2.go:29.46,31.2 1 2
github.com/donmahallem/aoc/aoc24/day03/part_2.go:33.48,35.16 2 4
github.com/donmahallem/aoc/aoc24/day03/part_2.go:35.16,37.3 1 2
github.com/donmahallem/aoc/aoc24/day03/part_2.go:38.2,39.25 2 2
github.com/donmahallem/aoc/aoc24/day03/part_2.go:39.25,40.31 1 52
github.com/donmahallem/aoc/aoc24/day03/part_2.go:40.31,41.19 1 37
github.com/donmahallem/aoc/aoc24/day03/part_2.go:41.19,43.5 1 6
github.com/donmahallem/aoc/aoc24/day03/part_2.go:43.10,43.23 1 31
github.com/donmahallem/aoc/aoc24/day03/part_2.go:43.23,45.5 1 29
github.com/donmahallem/aoc/aoc24/day03/part_2.go:46.9,46.35 1 15
github.com/donmahallem/aoc/aoc24/day03/part_2.go:46.35,47.19 1 6
github.com/donmahallem/aoc/aoc24/day03/part_2.go:47.19,49.5 1 3
github.com/donmahallem/aoc/aoc24/day03/part_2.go:49.10,53.5 3 3
github.com/donmahallem/aoc/aoc24/day03/part_2.go:54.9,54.36 1 9
github.com/donmahallem/aoc/aoc24/day03/part_2.go:54.36,55.19 1 3
github.com/donmahallem/aoc/aoc24/day03/part_2.go:55.19,57.5 1 2
github.com/donmahallem/aoc/aoc24/day03/part_2.go:57.10,57.26 1 1
github.com/donmahallem/aoc/aoc24/day03/part_2.go:57.26,59.5 1 1
github.com/donmahallem/aoc/aoc24/day03/part_2.go:59.10,63.5 3 0
github.com/donmahallem/aoc/aoc24/day03/part_2.go:64.9,64.41 1 6
github.com/donmahallem/aoc/aoc24/day03/part_2.go:64.41,65.19 1 2
github.com/donmahallem/aoc/aoc24/day03/part_2.go:65.19,68.5 2 2
github.com/donmahallem/aoc/aoc24/day03/part_2.go:68.10,72.5 3 0
github.com/donmahallem/aoc/aoc24/day03/part_2.go:73.9,73.37 1 4
github.com/donmahallem/aoc/aoc24/day03/part_2.go:73.37,74.20 1 1
github.com/donmahallem/aoc/aoc24/day03/part_2.go:74.20,77.5 2 1
github.com/donmahallem/aoc/aoc24/day03/part_2.go:77.10,81.5 3 0
github.com/donmahallem/aoc/aoc24/day03/part_2.go:82.9,82.38 1 3
github.com/donmahallem/aoc/aoc24/day03/part_2.go:82.38,83.19 1 1
github.com/donmahallem/aoc/aoc24/day03/part_2.go:83.19,86.5 2 1
github.com/donmahallem/aoc/aoc24/day03/part_2.go:86.10,90.5 3 0
github.com/donmahallem/aoc/aoc24/day03/part_2.go:91.9,91.39 1 2
github.com/donmahallem/aoc/aoc24/day03/part_2.go:91.39,92.19 1 1
github.com/donmahallem/aoc/aoc24/day03/part_2.go:92.19,95.5 2 1
github.com/donmahallem/aoc/aoc24/day03/part_2.go:95.10,99.5 3 0
github.com/donmahallem/aoc/aoc24/day03/part_2.go:100.9,100.44 1 1
github.com/donmahallem/aoc/aoc24/day03/part_2.go:100.44,101.19 1 1
github.com/donmahallem/aoc/aoc24/day03/part_2.go:101.19,104.5 2 1
github.com/donmahallem/aoc/aoc24/day03/part_2.go:104.10,107.5 2 0
github.com/donmahallem/aoc/aoc24/day03/part_2.go:111.2,112.27 2 2
github.com/donmahallem/aoc/aoc24/day03/part_2.go:115.26,118.2 2 0
github.com/donmahallem/aoc/aoc24/day07/part_1.go:12.53,15.30 3 1
github.com/donmahallem/aoc/aoc24/day07/part_1.go:15.30,17.39 2 1
github.com/donmahallem/aoc/aoc24/day07/part_1.go:17.39,18.26 1 1
github.com/donmahallem/aoc/aoc24/day07/part_1.go:18.26,20.5 1 0
github.com/donmahallem/aoc/aoc24/day07/part_1.go:20.10,22.5 1 1
github.com/donmahallem/aoc/aoc24/day07/part_1.go:23.4,23.28 1 1
github.com/donmahallem/aoc/aoc24/day07/part_1.go:23.28,24.10 1 0
github.com/donmahallem/aoc/aoc24/day07/part_1.go:27.3,27.28 1 1
github.com/donmahallem/aoc/aoc24/day07/part_1.go:27.28,29.4 1 1
github.com/donmahallem/aoc/aoc24/day07/part_1.go:31.2,31.14 1 0
github.com/donmahallem/aoc/aoc24/day07/part_1.go:34.49,39.31 5 0
github.com/donmahallem/aoc/aoc24/day07/part_1.go:39.31,41.3 1 0
github.com/donmahallem/aoc/aoc24/day07/part_1.go:42.2,42.29 1 0
github.com/donmahallem/aoc/aoc24/day07/part_1.go:45.26,50.15 5 0
github.com/donmahallem/aoc/aoc24/day07/part_1.go:50.15,53.29 3 0
github.com/donmahallem/aoc/aoc24/day07/part_1.go:53.29,56.42 3 0
github.com/donmahallem/aoc/aoc24/day07/part_1.go:56.42,58.5 1 0
github.com/donmahallem/aoc/aoc24/day07/part_1.go:61.2,63.34 3 0
github.com/donmahallem/aoc/aoc24/day07/part_1.go:63.34,65.3 1 0
github.com/donmahallem/aoc/aoc24/day07/part_1.go:66.2,66.30 1 0
github.com/donmahallem/aoc/aoc24/day07/part_2.go:13.29,15.2 1 2
github.com/donmahallem/aoc/aoc24/day07/part_2.go:17.29,20.2 2 2
github.com/donmahallem/aoc/aoc24/day07/part_2.go:22.53,25.30 3 0
github.com/donmahallem/aoc/aoc24/day07/part_2.go:25.30,27.39 2 0
github.com/donmahallem/aoc/aoc24/day07/part_2.go:27.39,28.48 1 0
github.com/donmahallem/aoc/aoc24/day07/part_2.go:29.11,31.10 2 0
github.com/donmahallem/aoc/aoc24/day07/part_2.go:32.11,34.10 2 0
github.com/donmahallem/aoc/aoc24/day07/part_2.go:35.11,37.10 2 0
github.com/donmahallem/aoc/aoc24/day07/part_2.go:39.4,39.28 1 0
github.com/donmahallem/aoc/aoc24/day07/part_2.go:39.28,40.10 1 0
github.com/donmahallem/aoc/aoc24/day07/part_2.go:43.3,43.28 1 0
github.com/donmahallem/aoc/aoc24/day07/part_2.go:43.28,45.4 1 0
github.com/donmahallem/aoc/aoc24/day07/part_2.go:47.2,47.14 1 0
github.com/donmahallem/aoc/aoc24/day07/part_2.go:50.26,55.15 5 0
github.com/donmahallem/aoc/aoc24/day07/part_2.go:55.15,58.29 3 0
github.com/donmahallem/aoc/aoc24/day07/part_2.go:58.29,61.42 3 0
github.com/donmahallem/aoc/aoc24/day07/part_2.go:61.42,63.5 1 0
github.com/donmahallem/aoc/aoc24/day07/part_2.go:66.2,68.34 3 0
github.com/donmahallem/aoc/aoc24/day07/part_2.go:68.34,70.3 1 0
github.com/donmahallem/aoc/aoc24/day07/part_2.go:71.2,71.30 1 0
github.com/donmahallem/aoc/aoc24/day06/part_1.go:22.36,24.2 1 0
github.com/donmahallem/aoc/aoc24/day06/part_1.go:26.51,28.2 1 1
github.com/donmahallem/aoc/aoc24/day06/part_1.go:35.64,37.2 1 4
github.com/donmahallem/aoc/aoc24/day06/part_1.go:39.57,45.15 6 1
github.com/donmahallem/aoc/aoc24/day06/part_1.go:45.15,47.17 2 10
github.com/donmahallem/aoc/aoc24/day06/part_1.go:47.17,49.4 1 1
github.com/donmahallem/aoc/aoc24/day06/part_1.go:49.9,49.39 1 9
github.com/donmahallem/aoc/aoc24/day06/part_1.go:49.39,50.34 1 0
github.com/donmahallem/aoc/aoc24/day06/part_1.go:52.3,53.36 2 10
github.com/donmahallem/aoc/aoc24/day06/part_1.go:53.36,54.21 1 100
github.com/donmahallem/aoc/aoc24/day06/part_1.go:55.13,56.46 1 1
github.com/donmahallem/aoc/aoc24/day06/part_1.go:57.13,58.47 1 0
github.com/donmahallem/aoc/aoc24/day06/part_1.go:59.13,60.46 1 0
github.com/donmahallem/aoc/aoc24/day06/part_1.go:61.13,62.44 1 0
github.com/donmahallem/aoc/aoc24/day06/part_1.go:63.13,64.20 1 8
github.com/donmahallem/aoc/aoc24/day06/part_1.go:67.3,68.6 2 10
github.com/donmahallem/aoc/aoc24/day06/part_1.go:70.2,70.51 1 1
github.com/donmahallem/aoc/aoc24/day06/part_1.go:72.57,74.2 1 48
github.com/donmahallem/aoc/aoc24/day06/part_1.go:76.31,77.30 1 0
github.com/donmahallem/aoc/aoc24/day06/part_1.go:77.30,78.12 1 0
github.com/donmahallem/aoc/aoc24/day06/part_1.go:78.12,80.4 1 0
github.com/donmahallem/aoc/aoc24/day06/part_1.go:81.3,81.30 1 0
github.com/donmahallem/aoc/aoc24/day06/part_1.go:81.30,82.25 1 0
github.com/donmahallem/aoc/aoc24/day06/part_1.go:82.25,84.5 1 0
github.com/donmahallem/aoc/aoc24/day06/part_1.go:84.10,86.5 1 0
github.com/donmahallem/aoc/aoc24/day06/part_1.go:89.2,89.17 1 0
github.com/donmahallem/aoc/aoc24/day06/part_1.go:92.61,95.6 3 0
github.com/donmahallem/aoc/aoc24/day06/part_1.go:95.6,96.28 1 0
github.com/donmahallem/aoc/aoc24/day06/part_1.go:96.28,98.44 2 0
github.com/donmahallem/aoc/aoc24/day06/part_1.go:98.44,100.5 1 0
github.com/donmahallem/aoc/aoc24/day06/part_1.go:100.10,100.45 1 0
github.com/donmahallem/aoc/aoc24/day06/part_1.go:100.45,102.13 2 0
github.com/donmahallem/aoc/aoc24/day06/part_1.go:103.10,106.5 2 0
github.com/donmahallem/aoc/aoc24/day06/part_1.go:107.9,107.33 1 0
github.com/donmahallem/aoc/aoc24/day06/part_1.go:107.33,109.44 2 0
github.com/donmahallem/aoc/aoc24/day06/part_1.go:109.44,111.5 1 0
github.com/donmahallem/aoc/aoc24/day06/part_1.go:111.10,111.45 1 0
github.com/donmahallem/aoc/aoc24/day06/part_1.go:111.45,113.13 2 0
github.com/donmahallem/aoc/aoc24/day06/part_1.go:114.10,117.5 2 0
github.com/donmahallem/aoc/aoc24/day06/part_1.go:118.9,118.36 1 0
github.com/donmahallem/aoc/aoc24/day06/part_1.go:118.36,120.44 2 0
github.com/donmahallem/aoc/aoc24/day06/part_1.go:120.44,122.5 1 0
github.com/donmahallem/aoc/aoc24/day06/part_1.go:122.10,122.45 1 0
github.com/donmahallem/aoc/aoc24/day06/part_1.go:122.45,124.13 2 0
github.com/donmahallem/aoc/aoc24/day06/part_1.go:125.10,128.5 2 0
github.com/donmahallem/aoc/aoc24/day06/part_1.go:129.9,129.35 1 0
github.com/donmahallem/aoc/aoc24/day06/part_1.go:129.35,131.44 2 0
github.com/donmahallem/aoc/aoc24/day06/part_1.go:131.44,133.5 1 0
github.com/donmahallem/aoc/aoc24/day06/part_1.go:133.10,133.45 1 0
github.com/donmahallem/aoc/aoc24/day06/part_1.go:133.45,135.13 2 0
github.com/donmahallem/aoc/aoc24/day06/part_1.go:136.10,139.5 2 0
github.com/donmahallem/aoc/aoc24/day06/part_1.go:144.26,146.16 2 0
github.com/donmahallem/aoc/aoc24/day06/part_1.go:146.16,147.13 1 0
github.com/donmahallem/aoc/aoc24/day06/part_1.go:149.2,149.55 1 0
github.com/donmahallem/aoc/aoc24/day06/part_2.go:8.47,10.6 2 1
github.com/donmahallem/aoc/aoc24/day06/part_2.go:10.6,11.28 1 45
github.com/donmahallem/aoc/aoc24/day06/part_2.go:11.28,14.44 3 12
github.com/donmahallem/aoc/aoc24/day06/part_2.go:14.44,16.5 1 0
github.com/donmahallem/aoc/aoc24/day06/part_2.go:16.10,16.45 1 12
github.com/donmahallem/aoc/aoc24/day06/part_2.go:16.45,18.5 1 2
github.com/donmahallem/aoc/aoc24/day06/part_2.go:18.10,18.26 1 10
github.com/donmahallem/aoc/aoc24/day06/part_2.go:18.26,20.5 1 1
github.com/donmahallem/aoc/aoc24/day06/part_2.go:20.10,23.5 2 9
github.com/donmahallem/aoc/aoc24/day06/part_2.go:24.9,24.33 1 33
github.com/donmahallem/aoc/aoc24/day06/part_2.go:24.33,27.44 3 11
github.com/donmahallem/aoc/aoc24/day06/part_2.go:27.44,29.5 1 0
github.com/donmahallem/aoc/aoc24/day06/part_2.go:29.10,29.45 1 11
github.com/donmahallem/aoc/aoc24/day06/part_2.go:29.45,31.5 1 2
github.com/donmahallem/aoc/aoc24/day06/part_2.go:31.10,31.26 1 9
github.com/donmahallem/aoc/aoc24/day06/part_2.go:31.26,33.5 1 0
github.com/donmahallem/aoc/aoc24/day06/part_2.go:33.10,36.5 2 9
github.com/donmahallem/aoc/aoc24/day06/part_2.go:37.9,37.36 1 22
github.com/donmahallem/aoc/aoc24/day06/part_2.go:37.36,40.44 3 10
github.com/donmahallem/aoc/aoc24/day06/part_2.go:40.44,42.5 1 0
github.com/donmahallem/aoc/aoc24/day06/part_2.go:42.10,42.45 1 10
github.com/donmahallem/aoc/aoc24/day06/part_2.go:42.45,44.5 1 2
github.com/donmahallem/aoc/aoc24/day06/part_2.go:44.10,44.26 1 8
github.com/donmahallem/aoc/aoc24/day06/part_2.go:44.26,46.5 1 0
github.com/donmahallem/aoc/aoc24/day06/part_2.go:46.10,49.5 2 8
github.com/donmahallem/aoc/aoc24/day06/part_2.go:50.9,50.35 1 12
github.com/donmahallem/aoc/aoc24/day06/part_2.go:50.35,53.44 3 12
github.com/donmahallem/aoc/aoc24/day06/part_2.go:53.44,55.5 1 0
github.com/donmahallem/aoc/aoc24/day06/part_2.go:55.10,55.45 1 12
github.com/donmahallem/aoc/aoc24/day06/part_2.go:55.45,57.5 1 2
github.com/donmahallem/aoc/aoc24/day06/part_2.go:57.10,57.26 1 10
github.com/donmahallem/aoc/aoc24/day06/part_2.go:57.26,59.5 1 0
github.com/donmahallem/aoc/aoc24/day06/part_2.go:59.10,62.5 2 10
github.com/donmahallem/aoc/aoc24/day06/part_2.go:66.26,68.16 2 0
github.com/donmahallem/aoc/aoc24/day06/part_2.go:68.16,69.13 1 0
github.com/donmahallem/aoc/aoc24/day06/part_2.go:71.2,73.28 3 0
github.com/donmahallem/aoc/aoc24/day06/part_2.go:73.28,74.45 1 0
github.com/donmahallem/aoc/aoc24/day06/part_2.go:74.45,76.12 1 0
github.com/donmahallem/aoc/aoc24/day06/part_2.go:78.3,79.34 2 0
github.com/donmahallem/aoc/aoc24/day06/part_2.go:79.34,81.4 1 0
github.com/donmahallem/aoc/aoc24/day06/part_2.go:82.3,82.42 1 0
github.com/donmahallem/aoc/aoc24/day06/part_2.go:87.2,87.31 1 0
github.com/donmahallem/aoc/aoc24/day04/part_1.go:12.37,17.23 5 11
github.com/donmahallem/aoc/aoc24/day04/part_1.go:17.23,18.25 1 110
github.com/donmahallem/aoc/aoc24/day04/part_1.go:18.25,19.45 1 440
github.com/donmahallem/aoc/aoc24/day04/part_1.go:19.45,22.64 3 3520
github.com/donmahallem/aoc/aoc24/day04/part_1.go:22.64,23.14 1 2232
github.com/donmahallem/aoc/aoc24/day04/part_1.go:25.5,26.22 2 1288
github.com/donmahallem/aoc/aoc24/day04/part_1.go:26.22,27.56 1 1717
github.com/donmahallem/aoc/aoc24/day04/part_1.go:27.56,29.12 2 1240
github.com/donmahallem/aoc/aoc24/day04/part_1.go:32.5,32.14 1 1288
github.com/donmahallem/aoc/aoc24/day04/part_1.go:32.14,34.6 1 48
github.com/donmahallem/aoc/aoc24/day04/part_1.go:38.2,38.14 1 11
github.com/donmahallem/aoc/aoc24/day04/part_1.go:40.26,43.15 3 0
github.com/donmahallem/aoc/aoc24/day04/part_1.go:43.15,47.3 3 0
github.com/donmahallem/aoc/aoc24/day04/part_1.go:48.2,49.28 2 0
github.com/donmahallem/aoc/aoc24/day04/part_2.go:11.40,16.31 5 1
github.com/donmahallem/aoc/aoc24/day04/part_2.go:16.31,17.33 1 8
github.com/donmahallem/aoc/aoc24/day04/part_2.go:17.33,18.26 1 64
github.com/donmahallem/aoc/aoc24/day04/part_2.go:18.26,19.13 1 47
github.com/donmahallem/aoc/aoc24/day04/part_2.go:21.4,22.48 2 17
github.com/donmahallem/aoc/aoc24/day04/part_2.go:22.48,27.65 5 66
github.com/donmahallem/aoc/aoc24/day04/part_2.go:27.65,29.20 2 25
github.com/donmahallem/aoc/aoc24/day04/part_2.go:29.20,30.12 1 9
github.com/donmahallem/aoc/aoc24/day04/part_2.go:34.4,34.18 1 17
github.com/donmahallem/aoc/aoc24/day04/part_2.go:34.18,36.5 1 9
github.com/donmahallem/aoc/aoc24/day04/part_2.go:39.2,39.21 1 1
github.com/donmahallem/aoc/aoc24/day04/part_2.go:41.26,44.15 3 0
github.com/donmahallem/aoc/aoc24/day04/part_2.go:44.15,48.3 3 0
github.com/donmahallem/aoc/aoc24/day04/part_2.go:49.2,50.28 2 0
github.com/donmahallem/aoc/aoc24/day14/part_1.go:15.50,17.2 1 20
github.com/donmahallem/aoc/aoc24/day14/part_1.go:28.36,34.28 5 26
github.com/donmahallem/aoc/aoc24/day14/part_1.go:34.28,35.45 1 326
github.com/donmahallem/aoc/aoc24/day14/part_1.go:35.45,37.28 2 111
github.com/donmahallem/aoc/aoc24/day14/part_1.go:37.28,39.5 1 104
github.com/donmahallem/aoc/aoc24/day14/part_1.go:39.10,41.5 1 7
github.com/donmahallem/aoc/aoc24/day14/part_1.go:42.9,42.31 1 215
github.com/donmahallem/aoc/aoc24/day14/part_1.go:42.31,44.4 1 33
github.com/donmahallem/aoc/aoc24/day14/part_1.go:44.9,44.52 1 182
github.com/donmahallem/aoc/aoc24/day14/part_1.go:44.52,45.18 1 78
github.com/donmahallem/aoc/aoc24/day14/part_1.go:45.18,47.5 1 15
github.com/donmahallem/aoc/aoc24/day14/part_1.go:48.4,48.26 1 78
github.com/donmahallem/aoc/aoc24/day14/part_1.go:49.22,51.10 2 26
github.com/donmahallem/aoc/aoc24/day14/part_1.go:52.22,54.10 2 26
github.com/donmahallem/aoc/aoc24/day14/part_1.go:55.22,57.10 2 26
github.com/donmahallem/aoc/aoc24/day14/part_1.go:59.4,59.22 1 78
github.com/donmahallem/aoc/aoc24/day14/part_1.go:62.2,62.16 1 26
github.com/donmahallem/aoc/aoc24/day14/part_1.go:62.16,64.3 1 18
github.com/donmahallem/aoc/aoc24/day14/part_1.go:66.2,66.14 1 26
github.com/donmahallem/aoc/aoc24/day14/part_1.go:69.41,72.15 3 2
github.com/donmahallem/aoc/aoc24/day14/part_1.go:72.15,75.3 2 24
github.com/donmahallem/aoc/aoc24/day14/part_1.go:76.2,76.18 1 2
github.com/donmahallem/aoc/aoc24/day14/part_1.go:79.77,82.16 3 16
github.com/donmahallem/aoc/aoc24/day14/part_1.go:82.16,84.3 1 7
github.com/donmahallem/aoc/aoc24/day14/part_1.go:85.2,85.16 1 16
github.com/donmahallem/aoc/aoc24/day14/part_1.go:85.16,87.3 1 8
github.com/donmahallem/aoc/aoc24/day14/part_1.go:88.2,90.46 3 16
github.com/donmahallem/aoc/aoc24/day14/part_1.go:90.46,92.3 1 5
github.com/donmahallem/aoc/aoc24/day14/part_1.go:93.2,94.23 2 11
github.com/donmahallem/aoc/aoc24/day14/part_1.go:94.23,96.3 1 5
github.com/donmahallem/aoc/aoc24/day14/part_1.go:97.2,97.23 1 11
github.com/donmahallem/aoc/aoc24/day14/part_1.go:97.23,99.3 1 6
github.com/donmahallem/aoc/aoc24/day14/part_1.go:100.2,100.12 1 11
github.com/donmahallem/aoc/aoc24/day14/part_1.go:103.75,105.32 2 1
github.com/donmahallem/aoc/aoc24/day14/part_1.go:105.32,107.20 2 12
github.com/donmahallem/aoc/aoc24/day14/part_1.go:107.20,109.4 1 9
github.com/donmahallem/aoc/aoc24/day14/part_1.go:111.2,112.21 2 1
github.com/donmahallem/aoc/aoc24/day14/part_1.go:112.21,113.28 1 4
github.com/donmahallem/aoc/aoc24/day14/part_1.go:113.28,114.12 1 0
github.com/donmahallem/aoc/aoc24/day14/part_1.go:116.3,116.31 1 4
github.com/donmahallem/aoc/aoc24/day14/part_1.go:118.2,118.17 1 1
github.com/donmahallem/aoc/aoc24/day14/part_1.go:121.26,125.2 3 0
github.com/donmahallem/aoc/aoc24/day14/part_2.go:8.37,9.24 1 0
github.com/donmahallem/aoc/aoc24/day14/part_2.go:9.24,11.3 1 0
github.com/donmahallem/aoc/aoc24/day14/part_2.go:12.2,12.26 1 0
github.com/donmahallem/aoc/aoc24/day14/part_2.go:15.53,16.25 1 1
github.com/donmahallem/aoc/aoc24/day14/part_2.go:16.25,19.29 3 1
github.com/donmahallem/aoc/aoc24/day14/part_2.go:19.29,21.4 1 0
github.com/donmahallem/aoc/aoc24/day14/part_2.go:22.3,22.29 1 1
github.com/donmahallem/aoc/aoc24/day14/part_2.go:22.29,24.4 1 1
github.com/donmahallem/aoc/aoc24/day14/part_2.go:28.80,29.18 1 0
github.com/donmahallem/aoc/aoc24/day14/part_2.go:29.18,31.3 1 0
github.com/donmahallem/aoc/aoc24/day14/part_2.go:32.2,35.54 4 0
github.com/donmahallem/aoc/aoc24/day14/part_2.go:35.54,36.38 1 0
github.com/donmahallem/aoc/aoc24/day14/part_2.go:36.38,37.44 1 0
github.com/donmahallem/aoc/aoc24/day14/part_2.go:37.44,39.10 2 0
github.com/donmahallem/aoc/aoc24/day14/part_2.go:43.2,43.21 1 0
github.com/donmahallem/aoc/aoc24/day14/part_2.go:43.21,45.3 1 0
github.com/donmahallem/aoc/aoc24/day14/part_2.go:46.2,46.57 1 0
github.com/donmahallem/aoc/aoc24/day14/part_2.go:49.26,54.2 4 0
github.com/donmahallem/aoc/aoc24/day09/part_1.go:8.40,10.27 2 2
github.com/donmahallem/aoc/aoc24/day09/part_1.go:10.27,12.18 2 24
github.com/donmahallem/aoc/aoc24/day09/part_1.go:12.18,13.16 1 57
github.com/donmahallem/aoc/aoc24/day09/part_1.go:13.16,15.5 1 37
github.com/donmahallem/aoc/aoc24/day09/part_1.go:15.10,17.5 1 20
github.com/donmahallem/aoc/aoc24/day09/part_1.go:20.2,20.17 1 2
github.com/donmahallem/aoc/aoc24/day09/part_1.go:22.34,24.28 2 1
github.com/donmahallem/aoc/aoc24/day09/part_1.go:24.28,25.22 1 42
github.com/donmahallem/aoc/aoc24/day09/part_1.go:25.22,27.4 1 28
github.com/donmahallem/aoc/aoc24/day09/part_1.go:29.2,29.17 1 1
github.com/donmahallem/aoc/aoc24/day09/part_1.go:31.33,33.28 2 1
github.com/donmahallem/aoc/aoc24/day09/part_1.go:33.28,34.22 1 11
github.com/donmahallem/aoc/aoc24/day09/part_1.go:34.22,35.12 1 4
github.com/donmahallem/aoc/aoc24/day09/part_1.go:36.9,36.20 1 7
github.com/donmahallem/aoc/aoc24/day09/part_1.go:36.20,37.9 1 1
github.com/donmahallem/aoc/aoc24/day09/part_1.go:39.3,39.20 1 6
github.com/donmahallem/aoc/aoc24/day09/part_1.go:39.20,40.23 1 10
github.com/donmahallem/aoc/aoc24/day09/part_1.go:40.23,43.10 3 5
github.com/donmahallem/aoc/aoc24/day09/part_1.go:49.26,54.2 4 0
github.com/donmahallem/aoc/aoc24/day09/part_2.go:8.78,11.27 3 12
github.com/donmahallem/aoc/aoc24/day09/part_2.go:11.27,12.33 1 154
github.com/donmahallem/aoc/aoc24/day09/part_2.go:12.33,16.4 3 29
github.com/donmahallem/aoc/aoc24/day09/part_2.go:16.9,16.20 1 125
github.com/donmahallem/aoc/aoc24/day09/part_2.go:16.20,17.23 1 35
github.com/donmahallem/aoc/aoc24/day09/part_2.go:17.23,19.5 1 17
github.com/donmahallem/aoc/aoc24/day09/part_2.go:19.10,21.5 1 18
github.com/donmahallem/aoc/aoc24/day09/part_2.go:23.3,23.41 1 154
github.com/donmahallem/aoc/aoc24/day09/part_2.go:23.41,25.4 1 6
github.com/donmahallem/aoc/aoc24/day09/part_2.go:28.2,28.22 1 6
github.com/donmahallem/aoc/aoc24/day09/part_2.go:31.71,35.21 4 13
github.com/donmahallem/aoc/aoc24/day09/part_2.go:35.21,37.3 1 4
github.com/donmahallem/aoc/aoc24/day09/part_2.go:38.2,38.36 1 13
github.com/donmahallem/aoc/aoc24/day09/part_2.go:38.36,39.34 1 94
github.com/donmahallem/aoc/aoc24/day09/part_2.go:39.34,43.4 3 12
github.com/donmahallem/aoc/aoc24/day09/part_2.go:43.9,43.20 1 82
github.com/donmahallem/aoc/aoc24/day09/part_2.go:43.20,44.24 1 35
github.com/donmahallem/aoc/aoc24/day09/part_2.go:44.24,46.5 1 24
github.com/donmahallem/aoc/aoc24/day09/part_2.go:46.10,48.5 1 11
github.com/donmahallem/aoc/aoc24/day09/part_2.go:51.2,51.22 1 2
github.com/donmahallem/aoc/aoc24/day09/part_2.go:54.32,57.32 3 1
github.com/donmahallem/aoc/aoc24/day09/part_2.go:57.32,58.90 1 10
github.com/donmahallem/aoc/aoc24/day09/part_2.go:58.90,60.87 2 9
github.com/donmahallem/aoc/aoc24/day09/part_2.go:60.87,61.36 1 4
github.com/donmahallem/aoc/aoc24/day09/part_2.go:61.36,64.6 2 8
github.com/donmahallem/aoc/aoc24/day09/part_2.go:66.4,66.31 1 9
github.com/donmahallem/aoc/aoc24/day09/part_2.go:71.26,76.2 4 0
github.com/donmahallem/aoc/aoc24/day10/part_1.go:14.47,16.2 1 13
github.com/donmahallem/aoc/aoc24/day10/part_1.go:24.40,26.2 1 3
github.com/donmahallem/aoc/aoc24/day10/part_1.go:28.85,30.2 1 7
github.com/donmahallem/aoc/aoc24/day10/part_1.go:32.49,38.15 6 3
github.com/donmahallem/aoc/aoc24/day10/part_1.go:38.15,40.17 2 24
github.com/donmahallem/aoc/aoc24/day10/part_1.go:40.17,42.4 1 3
github.com/donmahallem/aoc/aoc24/day10/part_1.go:42.9,42.40 1 21
github.com/donmahallem/aoc/aoc24/day10/part_1.go:42.40,43.34 1 0
github.com/donmahallem/aoc/aoc24/day10/part_1.go:45.3,46.36 2 24
github.com/donmahallem/aoc/aoc24/day10/part_1.go:46.36,48.21 2 192
github.com/donmahallem/aoc/aoc24/day10/part_1.go:48.21,50.5 1 27
github.com/donmahallem/aoc/aoc24/day10/part_1.go:52.3,53.6 2 24
github.com/donmahallem/aoc/aoc24/day10/part_1.go:55.2,55.51 1 3
github.com/donmahallem/aoc/aoc24/day10/part_1.go:58.92,59.16 1 421
github.com/donmahallem/aoc/aoc24/day10/part_1.go:59.16,62.3 2 125
github.com/donmahallem/aoc/aoc24/day10/part_1.go:63.2,65.49 3 296
github.com/donmahallem/aoc/aoc24/day10/part_1.go:65.49,67.3 1 91
github.com/donmahallem/aoc/aoc24/day10/part_1.go:68.2,68.49 1 296
github.com/donmahallem/aoc/aoc24/day10/part_1.go:68.49,70.3 1 115
github.com/donmahallem/aoc/aoc24/day10/part_1.go:71.2,71.63 1 296
github.com/donmahallem/aoc/aoc24/day10/part_1.go:71.63,73.3 1 84
github.com/donmahallem/aoc/aoc24/day10/part_1.go:74.2,74.64 1 296
github.com/donmahallem/aoc/aoc24/day10/part_1.go:74.64,76.3 1 120
github.com/donmahallem/aoc/aoc24/day10/part_1.go:77.2,77.15 1 296
github.com/donmahallem/aoc/aoc24/day10/part_1.go:80.34,82.38 2 1
github.com/donmahallem/aoc/aoc24/day10/part_1.go:82.38,86.3 3 9
github.com/donmahallem/aoc/aoc24/day10/part_1.go:87.2,87.15 1 1
github.com/donmahallem/aoc/aoc24/day10/part_1.go:90.26,93.2 2 0
github.com/donmahallem/aoc/aoc24/day10/part_2.go:8.71,9.16 1 0
github.com/donmahallem/aoc/aoc24/day10/part_2.go:9.16,11.3 1 0
github.com/donmahallem/aoc/aoc24/day10/part_2.go:12.2,14.49 3 0
github.com/donmahallem/aoc/aoc24/day10/part_2.go:14.49,16.3 1 0
github.com/donmahallem/aoc/aoc24/day10/part_2.go:17.2,17.49 1 0
github.com/donmahallem/aoc/aoc24/day10/part_2.go:17.49,19.3 1 0
github.com/donmahallem/aoc/aoc24/day10/part_2.go:20.2,20.63 1 0
github.com/donmahallem/aoc/aoc24/day10/part_2.go:20.63,22.3 1 0
github.com/donmahallem/aoc/aoc24/day10/part_2.go:23.2,23.64 1 0
github.com/donmahallem/aoc/aoc24/day10/part_2.go:23.64,25.3 1 0
github.com/donmahallem/aoc/aoc24/day10/part_2.go:26.2,26.15 1 0
github.com/donmahallem/aoc/aoc24/day10/part_2.go:29.35,31.38 2 0
github.com/donmahallem/aoc/aoc24/day10/part_2.go:31.38,34.3 1 0
github.com/donmahallem/aoc/aoc24/day10/part_2.go:35.2,35.15 1 0
github.com/donmahallem/aoc/aoc24/day10/part_2.go:38.26,41.2 2 0
github.com/donmahallem/aoc/aoc23/day02/part_1.go:13.45,18.40 5 8
github.com/donmahallem/aoc/aoc23/day02/part_1.go:18.40,20.31 2 322
github.com/donmahallem/aoc/aoc23/day02/part_1.go:20.31,22.4 1 66
github.com/donmahallem/aoc/aoc23/day02/part_1.go:22.9,22.24 1 256
github.com/donmahallem/aoc/aoc23/day02/part_1.go:22.24,25.4 2 8
github.com/donmahallem/aoc/aoc23/day02/part_1.go:25.9,25.24 1 248
github.com/donmahallem/aoc/aoc23/day02/part_1.go:25.24,29.4 3 20
github.com/donmahallem/aoc/aoc23/day02/part_1.go:29.9,29.24 1 228
github.com/donmahallem/aoc/aoc23/day02/part_1.go:29.24,33.4 3 18
github.com/donmahallem/aoc/aoc23/day02/part_1.go:33.9,33.24 1 210
github.com/donmahallem/aoc/aoc23/day02/part_1.go:33.24,37.4 3 16
github.com/donmahallem/aoc/aoc23/day02/part_1.go:37.9,37.24 1 194
github.com/donmahallem/aoc/aoc23/day02/part_1.go:37.24,40.4 2 15
github.com/donmahallem/aoc/aoc23/day02/part_1.go:42.2,42.51 1 8
github.com/donmahallem/aoc/aoc23/day02/part_1.go:42.51,44.3 1 8
github.com/donmahallem/aoc/aoc23/day02/part_1.go:45.2,45.21 1 8
github.com/donmahallem/aoc/aoc23/day02/part_1.go:48.43,49.32 1 5
github.com/donmahallem/aoc/aoc23/day02/part_1.go:49.32,50.60 1 12
github.com/donmahallem/aoc/aoc23/day02/part_1.go:50.60,52.4 1 2
github.com/donmahallem/aoc/aoc23/day02/part_1.go:54.2,54.13 1 3
github.com/donmahallem/aoc/aoc23/day02/part_1.go:57.38,60.15 3 0
github.com/donmahallem/aoc/aoc23/day02/part_1.go:60.15,63.30 3 0
github.com/donmahallem/aoc/aoc23/day02/part_1.go:63.30,65.4 1 0
github.com/donmahallem/aoc/aoc23/day02/part_1.go:67.2,67.14 1 0
github.com/donmahallem/aoc/aoc23/day02/part_1.go:69.26,71.2 1 0
github.com/donmahallem/aoc/aoc23/day02/part_2.go:11.45,13.35 2 1
github.com/donmahallem/aoc/aoc23/day02/part_2.go:13.35,17.3 3 3
github.com/donmahallem/aoc/aoc23/day02/part_2.go:18.2,18.45 1 1
github.com/donmahallem/aoc/aoc23/day02/part_2.go:21.43,24.15 3 0
github.com/donmahallem/aoc/aoc23/day02/part_2.go:24.15,28.3 3 0
github.com/donmahallem/aoc/aoc23/day02/part_2.go:29.2,29.14 1 0
github.com/donmahallem/aoc/aoc23/day02/part_2.go:31.26,33.2 1 0
github.com/donmahallem/aoc/aoc24/day11/part_1.go:11.45,13.16 2 1
github.com/donmahallem/aoc/aoc24/day11/part_1.go:13.16,15.3 1 0
github.com/donmahallem/aoc/aoc24/day11/part_1.go:16.2,18.34 3 1
github.com/donmahallem/aoc/aoc24/day11/part_1.go:18.34,20.33 2 2
github.com/donmahallem/aoc/aoc24/day11/part_1.go:20.33,22.4 1 3
github.com/donmahallem/aoc/aoc24/day11/part_1.go:24.2,24.21 1 1
github.com/donmahallem/aoc/aoc24/day11/part_1.go:27.66,28.16 1 1575
github.com/donmahallem/aoc/aoc24/day11/part_1.go:28.16,30.3 1 117
github.com/donmahallem/aoc/aoc24/day11/part_1.go:31.2,32.39 2 1458
github.com/donmahallem/aoc/aoc24/day11/part_1.go:32.39,34.3 1 530
github.com/donmahallem/aoc/aoc24/day11/part_1.go:35.2,36.16 2 928
github.com/donmahallem/aoc/aoc24/day11/part_1.go:36.16,38.3 1 24
github.com/donmahallem/aoc/aoc24/day11/part_1.go:38.8,38.63 1 904
github.com/donmahallem/aoc/aoc24/day11/part_1.go:38.63,42.3 2 640
github.com/donmahallem/aoc/aoc24/day11/part_1.go:42.8,44.3 1 264
github.com/donmahallem/aoc/aoc24/day11/part_1.go:45.2,46.15 2 928
github.com/donmahallem/aoc/aoc24/day11/part_1.go:49.47,52.27 3 2
github.com/donmahallem/aoc/aoc24/day11/part_1.go:52.27,54.3 1 4
github.com/donmahallem/aoc/aoc24/day11/part_1.go:55.2,55.15 1 2
github.com/donmahallem/aoc/aoc24/day11/part_1.go:58.26,62.2 2 0
github.com/donmahallem/aoc/aoc24/day11/part_2.go:8.26,12.2 2 0
